REALLY QUIET MODE ENABLED -- NO matches are output!
A big intron is one that is at least 10000bp long.

oneExon:        2656968
allSmallExons:  1524188
good:            125574
probably good:    36280
junkExonsLeft:    19490
junkExonsRight:   18815
junkExonsBoth:       28
intronOnGap:      15100
total:          4396443
REALLY QUIET MODE ENABLED -- NO matches are output!
A big intron is one that is at least 20000bp long.

oneExon:        2656968
allSmallExons:  1634856
good:             55684
probably good:    15887
junkExonsLeft:    11615
junkExonsRight:   10569
junkExonsBoth:       21
intronOnGap:      10843
total:          4396443
REALLY QUIET MODE ENABLED -- NO matches are output!
A big intron is one that is at least 30000bp long.

oneExon:        2656968
allSmallExons:  1669430
good:             34761
probably good:     9604
junkExonsLeft:     9384
junkExonsRight:    8675
junkExonsBoth:       19
intronOnGap:       7602
total:          4396443
REALLY QUIET MODE ENABLED -- NO matches are output!
A big intron is one that is at least 40000bp long.

oneExon:        2656968
allSmallExons:  1690898
good:             22957
probably good:     6061
junkExonsLeft:     7761
junkExonsRight:    7483
junkExonsBoth:       19
intronOnGap:       4296
total:          4396443
REALLY QUIET MODE ENABLED -- NO matches are output!
A big intron is one that is at least 50000bp long.

oneExon:        2656968
allSmallExons:  1700693
good:             16879
probably good:     4490
junkExonsLeft:     7095
junkExonsRight:    7000
junkExonsBoth:       19
intronOnGap:       3299
total:          4396443
REALLY QUIET MODE ENABLED -- NO matches are output!
A big intron is one that is at least 60000bp long.

oneExon:        2656968
allSmallExons:  1706978
good:             12632
probably good:     3424
junkExonsLeft:     6726
junkExonsRight:    6544
junkExonsBoth:       19
intronOnGap:       3152
total:          4396443
REALLY QUIET MODE ENABLED -- NO matches are output!
A big intron is one that is at least 70000bp long.

oneExon:        2656968
allSmallExons:  1711730
good:              9407
probably good:     2600
junkExonsLeft:     6440
junkExonsRight:    6268
junkExonsBoth:       19
intronOnGap:       3011
total:          4396443
REALLY QUIET MODE ENABLED -- NO matches are output!
A big intron is one that is at least 80000bp long.

oneExon:        2656968
allSmallExons:  1714912
good:              7388
probably good:     2165
junkExonsLeft:     6173
junkExonsRight:    6005
junkExonsBoth:       19
intronOnGap:       2813
total:          4396443
REALLY QUIET MODE ENABLED -- NO matches are output!
A big intron is one that is at least 90000bp long.

oneExon:        2656968
allSmallExons:  1717745
good:              5703
probably good:     1682
junkExonsLeft:     5981
junkExonsRight:    5792
junkExonsBoth:       17
intronOnGap:       2555
total:          4396443
REALLY QUIET MODE ENABLED -- NO matches are output!
A big intron is one that is at least 100000bp long.

oneExon:        2656968
allSmallExons:  1719978
good:              4589
probably good:     1405
junkExonsLeft:     5785
junkExonsRight:    5653
junkExonsBoth:       17
intronOnGap:       2048
total:          4396443
REALLY QUIET MODE ENABLED -- NO matches are output!
A big intron is one that is at least 110000bp long.

oneExon:        2656968
allSmallExons:  1721713
good:              3601
probably good:     1147
junkExonsLeft:     5655
junkExonsRight:    5492
junkExonsBoth:       17
intronOnGap:       1850
total:          4396443
REALLY QUIET MODE ENABLED -- NO matches are output!
A big intron is one that is at least 120000bp long.

oneExon:        2656968
allSmallExons:  1722934
good:              2983
probably good:      867
junkExonsLeft:     5566
junkExonsRight:    5353
junkExonsBoth:       17
intronOnGap:       1755
total:          4396443
REALLY QUIET MODE ENABLED -- NO matches are output!
A big intron is one that is at least 130000bp long.

oneExon:        2656968
allSmallExons:  1723896
good:              2464
probably good:      751
junkExonsLeft:     5463
junkExonsRight:    5268
junkExonsBoth:       17
intronOnGap:       1616
total:          4396443
REALLY QUIET MODE ENABLED -- NO matches are output!
A big intron is one that is at least 140000bp long.

oneExon:        2656968
allSmallExons:  1724711
good:              2136
probably good:      691
junkExonsLeft:     5202
junkExonsRight:    5192
junkExonsBoth:       17
intronOnGap:       1526
total:          4396443
REALLY QUIET MODE ENABLED -- NO matches are output!
A big intron is one that is at least 150000bp long.

oneExon:        2656968
allSmallExons:  1725290
good:              1914
probably good:      621
junkExonsLeft:     5135
junkExonsRight:    5123
junkExonsBoth:       17
intronOnGap:       1375
total:          4396443
REALLY QUIET MODE ENABLED -- NO matches are output!
A big intron is one that is at least 160000bp long.

oneExon:        2656968
allSmallExons:  1726033
good:              1550
probably good:      512
junkExonsLeft:     5064
junkExonsRight:    5062
junkExonsBoth:       17
intronOnGap:       1237
total:          4396443
REALLY QUIET MODE ENABLED -- NO matches are output!
A big intron is one that is at least 170000bp long.

oneExon:        2656968
allSmallExons:  1726502
good:              1373
probably good:      449
junkExonsLeft:     5009
junkExonsRight:    4997
junkExonsBoth:       17
intronOnGap:       1128
total:          4396443
REALLY QUIET MODE ENABLED -- NO matches are output!
A big intron is one that is at least 180000bp long.

oneExon:        2656968
allSmallExons:  1726957
good:              1195
probably good:      410
junkExonsLeft:     4957
junkExonsRight:    4918
junkExonsBoth:       17
intronOnGap:       1021
total:          4396443
REALLY QUIET MODE ENABLED -- NO matches are output!
A big intron is one that is at least 190000bp long.

oneExon:        2656968
allSmallExons:  1727281
good:              1087
probably good:      375
junkExonsLeft:     4912
junkExonsRight:    4854
junkExonsBoth:       17
intronOnGap:        949
total:          4396443
REALLY QUIET MODE ENABLED -- NO matches are output!
A big intron is one that is at least 200000bp long.

oneExon:        2656968
allSmallExons:  1727565
good:               990
probably good:      363
junkExonsLeft:     4860
junkExonsRight:    4792
junkExonsBoth:       17
intronOnGap:        888
total:          4396443
REALLY QUIET MODE ENABLED -- NO matches are output!
A big intron is one that is at least 210000bp long.

oneExon:        2656968
allSmallExons:  1727799
good:               952
probably good:      340
junkExonsLeft:     4822
junkExonsRight:    4748
junkExonsBoth:       17
intronOnGap:        797
total:          4396443
REALLY QUIET MODE ENABLED -- NO matches are output!
A big intron is one that is at least 220000bp long.

oneExon:        2656968
allSmallExons:  1727999
good:               890
probably good:      329
junkExonsLeft:     4777
junkExonsRight:    4706
junkExonsBoth:       17
intronOnGap:        757
total:          4396443
REALLY QUIET MODE ENABLED -- NO matches are output!
A big intron is one that is at least 230000bp long.

oneExon:        2656968
allSmallExons:  1728222
good:               807
probably good:      316
junkExonsLeft:     4733
junkExonsRight:    4673
junkExonsBoth:       17
intronOnGap:        707
total:          4396443
REALLY QUIET MODE ENABLED -- NO matches are output!
A big intron is one that is at least 240000bp long.

oneExon:        2656968
allSmallExons:  1728381
good:               751
probably good:      309
junkExonsLeft:     4695
junkExonsRight:    4640
junkExonsBoth:       17
intronOnGap:        682
total:          4396443
REALLY QUIET MODE ENABLED -- NO matches are output!
A big intron is one that is at least 250000bp long.

oneExon:        2656968
allSmallExons:  1728559
good:               713
probably good:      296
junkExonsLeft:     4653
junkExonsRight:    4608
junkExonsBoth:       17
intronOnGap:        629
total:          4396443
REALLY QUIET MODE ENABLED -- NO matches are output!
A big intron is one that is at least 260000bp long.

oneExon:        2656968
allSmallExons:  1728687
good:               681
probably good:      289
junkExonsLeft:     4624
junkExonsRight:    4577
junkExonsBoth:       17
intronOnGap:        600
total:          4396443
REALLY QUIET MODE ENABLED -- NO matches are output!
A big intron is one that is at least 270000bp long.

oneExon:        2656968
allSmallExons:  1728816
good:               654
probably good:      277
junkExonsLeft:     4588
junkExonsRight:    4547
junkExonsBoth:       17
intronOnGap:        576
total:          4396443
REALLY QUIET MODE ENABLED -- NO matches are output!
A big intron is one that is at least 280000bp long.

oneExon:        2656968
allSmallExons:  1728958
good:               627
probably good:      266
junkExonsLeft:     4547
junkExonsRight:    4509
junkExonsBoth:       17
intronOnGap:        551
total:          4396443
REALLY QUIET MODE ENABLED -- NO matches are output!
A big intron is one that is at least 290000bp long.

oneExon:        2656968
allSmallExons:  1729115
good:               569
probably good:      253
junkExonsLeft:     4504
junkExonsRight:    4483
junkExonsBoth:       17
intronOnGap:        534
total:          4396443
REALLY QUIET MODE ENABLED -- NO matches are output!
A big intron is one that is at least 300000bp long.

oneExon:        2656968
allSmallExons:  1729229
good:               547
probably good:      248
junkExonsLeft:     4469
junkExonsRight:    4452
junkExonsBoth:       17
intronOnGap:        513
total:          4396443
REALLY QUIET MODE ENABLED -- NO matches are output!
A big intron is one that is at least 310000bp long.

oneExon:        2656968
allSmallExons:  1729412
good:               511
probably good:      222
junkExonsLeft:     4433
junkExonsRight:    4392
junkExonsBoth:       17
intronOnGap:        488
total:          4396443
REALLY QUIET MODE ENABLED -- NO matches are output!
A big intron is one that is at least 320000bp long.

oneExon:        2656968
allSmallExons:  1729498
good:               497
probably good:      218
junkExonsLeft:     4393
junkExonsRight:    4371
junkExonsBoth:       16
intronOnGap:        482
total:          4396443
REALLY QUIET MODE ENABLED -- NO matches are output!
A big intron is one that is at least 330000bp long.

oneExon:        2656968
allSmallExons:  1729639
good:               458
probably good:      206
junkExonsLeft:     4368
junkExonsRight:    4351
junkExonsBoth:       16
intronOnGap:        437
total:          4396443
REALLY QUIET MODE ENABLED -- NO matches are output!
A big intron is one that is at least 340000bp long.

oneExon:        2656968
allSmallExons:  1729757
good:               449
probably good:      205
junkExonsLeft:     4329
junkExonsRight:    4330
junkExonsBoth:       16
intronOnGap:        389
total:          4396443
REALLY QUIET MODE ENABLED -- NO matches are output!
A big intron is one that is at least 350000bp long.

oneExon:        2656968
allSmallExons:  1729832
good:               442
probably good:      203
junkExonsLeft:     4302
junkExonsRight:    4300
junkExonsBoth:       16
intronOnGap:        380
total:          4396443
REALLY QUIET MODE ENABLED -- NO matches are output!
A big intron is one that is at least 360000bp long.

oneExon:        2656968
allSmallExons:  1729923
good:               431
probably good:      199
junkExonsLeft:     4273
junkExonsRight:    4270
junkExonsBoth:       16
intronOnGap:        363
total:          4396443
REALLY QUIET MODE ENABLED -- NO matches are output!
A big intron is one that is at least 370000bp long.

oneExon:        2656968
allSmallExons:  1730017
good:               412
probably good:      198
junkExonsLeft:     4247
junkExonsRight:    4239
junkExonsBoth:       15
intronOnGap:        347
total:          4396443
REALLY QUIET MODE ENABLED -- NO matches are output!
A big intron is one that is at least 380000bp long.

oneExon:        2656968
allSmallExons:  1730084
good:               406
probably good:      194
junkExonsLeft:     4218
junkExonsRight:    4217
junkExonsBoth:       15
intronOnGap:        341
total:          4396443
REALLY QUIET MODE ENABLED -- NO matches are output!
A big intron is one that is at least 390000bp long.

oneExon:        2656968
allSmallExons:  1730168
good:               401
probably good:      191
junkExonsLeft:     4187
junkExonsRight:    4190
junkExonsBoth:       15
intronOnGap:        323
total:          4396443
REALLY QUIET MODE ENABLED -- NO matches are output!
A big intron is one that is at least 400000bp long.

oneExon:        2656968
allSmallExons:  1730268
good:               379
probably good:      172
junkExonsLeft:     4158
junkExonsRight:    4162
junkExonsBoth:       15
intronOnGap:        321
total:          4396443
REALLY QUIET MODE ENABLED -- NO matches are output!
A big intron is one that is at least 410000bp long.

oneExon:        2656968
allSmallExons:  1730331
good:               366
probably good:      171
junkExonsLeft:     4142
junkExonsRight:    4137
junkExonsBoth:       15
intronOnGap:        313
total:          4396443
REALLY QUIET MODE ENABLED -- NO matches are output!
A big intron is one that is at least 420000bp long.

oneExon:        2656968
allSmallExons:  1730389
good:               364
probably good:      168
junkExonsLeft:     4116
junkExonsRight:    4116
junkExonsBoth:       15
intronOnGap:        307
total:          4396443
REALLY QUIET MODE ENABLED -- NO matches are output!
A big intron is one that is at least 430000bp long.

oneExon:        2656968
allSmallExons:  1730448
good:               361
probably good:      168
junkExonsLeft:     4094
junkExonsRight:    4089
junkExonsBoth:       15
intronOnGap:        300
total:          4396443
REALLY QUIET MODE ENABLED -- NO matches are output!
A big intron is one that is at least 440000bp long.

oneExon:        2656968
allSmallExons:  1730503
good:               358
probably good:      167
junkExonsLeft:     4076
junkExonsRight:    4064
junkExonsBoth:       15
intronOnGap:        292
total:          4396443
REALLY QUIET MODE ENABLED -- NO matches are output!
A big intron is one that is at least 450000bp long.

oneExon:        2656968
allSmallExons:  1730551
good:               355
probably good:      167
junkExonsLeft:     4055
junkExonsRight:    4043
junkExonsBoth:       15
intronOnGap:        289
total:          4396443
REALLY QUIET MODE ENABLED -- NO matches are output!
A big intron is one that is at least 460000bp long.

oneExon:        2656968
allSmallExons:  1730605
good:               351
probably good:      166
junkExonsLeft:     4038
junkExonsRight:    4014
junkExonsBoth:       15
intronOnGap:        286
total:          4396443
REALLY QUIET MODE ENABLED -- NO matches are output!
A big intron is one that is at least 470000bp long.

oneExon:        2656968
allSmallExons:  1730666
good:               349
probably good:      161
junkExonsLeft:     4015
junkExonsRight:    3992
junkExonsBoth:       15
intronOnGap:        277
total:          4396443
REALLY QUIET MODE ENABLED -- NO matches are output!
A big intron is one that is at least 480000bp long.

oneExon:        2656968
allSmallExons:  1730721
good:               348
probably good:      159
junkExonsLeft:     3987
junkExonsRight:    3973
junkExonsBoth:       15
intronOnGap:        272
total:          4396443
REALLY QUIET MODE ENABLED -- NO matches are output!
A big intron is one that is at least 490000bp long.

oneExon:        2656968
allSmallExons:  1730792
good:               343
probably good:      156
junkExonsLeft:     3959
junkExonsRight:    3943
junkExonsBoth:       15
intronOnGap:        267
total:          4396443
THRESHOLD = 10000
THRESHOLD = 20000
THRESHOLD = 30000
THRESHOLD = 40000
THRESHOLD = 50000
THRESHOLD = 60000
THRESHOLD = 70000
THRESHOLD = 80000
THRESHOLD = 90000
THRESHOLD = 100000
THRESHOLD = 110000
THRESHOLD = 120000
THRESHOLD = 130000
THRESHOLD = 140000
THRESHOLD = 150000
THRESHOLD = 160000
THRESHOLD = 170000
THRESHOLD = 180000
THRESHOLD = 190000
THRESHOLD = 200000
THRESHOLD = 210000
THRESHOLD = 220000
THRESHOLD = 230000
THRESHOLD = 240000
THRESHOLD = 250000
THRESHOLD = 260000
THRESHOLD = 270000
THRESHOLD = 280000
THRESHOLD = 290000
THRESHOLD = 300000
THRESHOLD = 310000
THRESHOLD = 320000
THRESHOLD = 330000
THRESHOLD = 340000
THRESHOLD = 350000
THRESHOLD = 360000
THRESHOLD = 370000
THRESHOLD = 380000
THRESHOLD = 390000
THRESHOLD = 400000
THRESHOLD = 410000
THRESHOLD = 420000
THRESHOLD = 430000
THRESHOLD = 440000
THRESHOLD = 450000
THRESHOLD = 460000
THRESHOLD = 470000
THRESHOLD = 480000
THRESHOLD = 490000
